  main.cpp
C:\Users\nasa\Documents\kast.wtf\Fortnite\usermode\usermode\Menu.h(36,13): warning C4244: "Initialisierung": Konvertierung von "int" in "float", möglicher Datenverlust
C:\Users\nasa\Documents\kast.wtf\Fortnite\usermode\usermode\Menu.h(36,53): warning C4244: "Initialisierung": Konvertierung von "int" in "float", möglicher Datenverlust
C:\Users\nasa\Documents\kast.wtf\Fortnite\usermode\usermode\Menu.h(72,29): warning C4244: "=": Konvertierung von "float" in "UINT", möglicher Datenverlust
C:\Users\nasa\Documents\kast.wtf\Fortnite\usermode\usermode\Menu.h(73,30): warning C4244: "=": Konvertierung von "float" in "UINT", möglicher Datenverlust
C:\Users\nasa\Documents\kast.wtf\Fortnite\usermode\usermode\Menu.h(310,21): warning C4018: "<": Konflikt zwischen "signed" und "unsigned"
C:\Users\nasa\Documents\kast.wtf\Fortnite\usermode\usermode\Menu.h(316,15): warning C4244: "=": Konvertierung von "T" in "int", möglicher Datenverlust
          with
          [
              T=uintptr_t
          ]
C:\Users\nasa\Documents\kast.wtf\Fortnite\usermode\usermode\Menu.h(511,2): warning C4091: "static ": Ignoriert auf der linken Seite von "Vector3", wenn keine Variable deklariert wurde
C:\Users\nasa\Documents\kast.wtf\Fortnite\usermode\usermode\Menu.h(474,25): warning C4244: "Argument": Konvertierung von "double" in "float", möglicher Datenverlust
C:\Users\nasa\Documents\kast.wtf\Fortnite\usermode\usermode\Menu.h(474,46): warning C4244: "Argument": Konvertierung von "double" in "float", möglicher Datenverlust
C:\Users\nasa\Documents\kast.wtf\Fortnite\usermode\usermode\Menu.h(474,67): warning C4244: "Argument": Konvertierung von "double" in "float", möglicher Datenverlust
C:\Users\nasa\Documents\kast.wtf\Fortnite\usermode\usermode\Menu.h(497,19): warning C4244: "=": Konvertierung von "double" in "float", möglicher Datenverlust
C:\Users\nasa\Documents\kast.wtf\Fortnite\usermode\usermode\Menu.h(501,19): warning C4244: "=": Konvertierung von "double" in "float", möglicher Datenverlust
C:\Users\nasa\Documents\kast.wtf\Fortnite\usermode\usermode\Menu.h(505,19): warning C4244: "=": Konvertierung von "double" in "float", möglicher Datenverlust
C:\Users\nasa\Documents\kast.wtf\Fortnite\usermode\usermode\Menu.h(547,22): warning C4244: "=": Konvertierung von "double" in "float", möglicher Datenverlust
C:\Users\nasa\Documents\kast.wtf\Fortnite\usermode\usermode\Menu.h(548,22): warning C4244: "=": Konvertierung von "double" in "float", möglicher Datenverlust
C:\Users\nasa\Documents\kast.wtf\Fortnite\usermode\usermode\Menu.h(549,22): warning C4244: "=": Konvertierung von "double" in "float", möglicher Datenverlust
C:\Users\nasa\Documents\kast.wtf\Fortnite\usermode\usermode\Menu.h(558,32): warning C4244: "=": Konvertierung von "double" in "float", möglicher Datenverlust
C:\Users\nasa\Documents\kast.wtf\Fortnite\usermode\usermode\Menu.h(559,32): warning C4244: "=": Konvertierung von "double" in "float", möglicher Datenverlust
C:\Users\nasa\Documents\kast.wtf\Fortnite\usermode\usermode\Menu.h(560,32): warning C4244: "=": Konvertierung von "double" in "float", möglicher Datenverlust
C:\Users\nasa\Documents\kast.wtf\Fortnite\usermode\usermode\Menu.h(564,23): warning C4244: "=": Konvertierung von "double" in "float", möglicher Datenverlust
C:\Users\nasa\Documents\kast.wtf\Fortnite\usermode\usermode\Menu.h(565,23): warning C4244: "=": Konvertierung von "double" in "float", möglicher Datenverlust
C:\Users\nasa\Documents\kast.wtf\Fortnite\usermode\usermode\Menu.h(569,23): warning C4244: "=": Konvertierung von "double" in "float", möglicher Datenverlust
C:\Users\nasa\Documents\kast.wtf\Fortnite\usermode\usermode\Menu.h(570,23): warning C4244: "=": Konvertierung von "double" in "float", möglicher Datenverlust
C:\Users\nasa\Documents\kast.wtf\Fortnite\usermode\usermode\Menu.h(574,23): warning C4244: "=": Konvertierung von "double" in "float", möglicher Datenverlust
C:\Users\nasa\Documents\kast.wtf\Fortnite\usermode\usermode\Menu.h(575,23): warning C4244: "=": Konvertierung von "double" in "float", möglicher Datenverlust
C:\Users\nasa\Documents\kast.wtf\Fortnite\usermode\usermode\Menu.h(610,17): warning C4244: "Initialisierung": Konvertierung von "double" in "float", möglicher Datenverlust
C:\Users\nasa\Documents\kast.wtf\Fortnite\usermode\usermode\Menu.h(611,15): warning C4244: "Initialisierung": Konvertierung von "double" in "float", möglicher Datenverlust
C:\Users\nasa\Documents\kast.wtf\Fortnite\usermode\usermode\Menu.h(612,16): warning C4244: "Initialisierung": Konvertierung von "double" in "float", möglicher Datenverlust
C:\Users\nasa\Documents\kast.wtf\Fortnite\usermode\usermode\Menu.h(637,25): warning C4244: "=": Konvertierung von "double" in "float", möglicher Datenverlust
C:\Users\nasa\Documents\kast.wtf\Fortnite\usermode\usermode\Menu.h(638,25): warning C4244: "=": Konvertierung von "double" in "float", möglicher Datenverlust
C:\Users\nasa\Documents\kast.wtf\Fortnite\usermode\usermode\Menu.h(639,25): warning C4244: "=": Konvertierung von "double" in "float", möglicher Datenverlust
C:\Users\nasa\Documents\kast.wtf\Fortnite\usermode\usermode\Menu.h(653,14): warning C4244: "Initialisierung": Konvertierung von "double" in "float", möglicher Datenverlust
C:\Users\nasa\Documents\kast.wtf\Fortnite\usermode\usermode\Menu.h(654,14): warning C4244: "Initialisierung": Konvertierung von "double" in "float", möglicher Datenverlust
C:\Users\nasa\Documents\kast.wtf\Fortnite\usermode\usermode\Menu.h(656,114): warning C4244: "Argument": Konvertierung von "int" in "float", möglicher Datenverlust
C:\Users\nasa\Documents\kast.wtf\Fortnite\usermode\usermode\Menu.h(656,60): warning C4244: "Argument": Konvertierung von "int" in "float", möglicher Datenverlust
C:\Users\nasa\Documents\kast.wtf\Fortnite\usermode\usermode\Menu.h(656,49): warning C4244: "Argument": Konvertierung von "int" in "float", möglicher Datenverlust
C:\Users\nasa\Documents\kast.wtf\Fortnite\usermode\usermode\Menu.h(656,46): warning C4244: "Argument": Konvertierung von "int" in "float", möglicher Datenverlust
C:\Users\nasa\Documents\kast.wtf\Fortnite\usermode\usermode\Menu.h(657,114): warning C4244: "Argument": Konvertierung von "int" in "float", möglicher Datenverlust
C:\Users\nasa\Documents\kast.wtf\Fortnite\usermode\usermode\Menu.h(657,71): warning C4244: "Argument": Konvertierung von "int" in "float", möglicher Datenverlust
C:\Users\nasa\Documents\kast.wtf\Fortnite\usermode\usermode\Menu.h(657,49): warning C4244: "Argument": Konvertierung von "int" in "float", möglicher Datenverlust
C:\Users\nasa\Documents\kast.wtf\Fortnite\usermode\usermode\Menu.h(657,46): warning C4244: "Argument": Konvertierung von "int" in "float", möglicher Datenverlust
C:\Users\nasa\Documents\kast.wtf\Fortnite\usermode\usermode\Menu.h(658,122): warning C4244: "Argument": Konvertierung von "int" in "float", möglicher Datenverlust
C:\Users\nasa\Documents\kast.wtf\Fortnite\usermode\usermode\Menu.h(658,79): warning C4244: "Argument": Konvertierung von "int" in "float", möglicher Datenverlust
C:\Users\nasa\Documents\kast.wtf\Fortnite\usermode\usermode\Menu.h(658,74): warning C4244: "Argument": Konvertierung von "int" in "float", möglicher Datenverlust
C:\Users\nasa\Documents\kast.wtf\Fortnite\usermode\usermode\Menu.h(658,61): warning C4244: "Argument": Konvertierung von "int" in "float", möglicher Datenverlust
C:\Users\nasa\Documents\kast.wtf\Fortnite\usermode\usermode\Menu.h(659,122): warning C4244: "Argument": Konvertierung von "int" in "float", möglicher Datenverlust
C:\Users\nasa\Documents\kast.wtf\Fortnite\usermode\usermode\Menu.h(659,66): warning C4244: "Argument": Konvertierung von "int" in "float", möglicher Datenverlust
C:\Users\nasa\Documents\kast.wtf\Fortnite\usermode\usermode\Menu.h(659,53): warning C4244: "Argument": Konvertierung von "int" in "float", möglicher Datenverlust
C:\Users\nasa\Documents\kast.wtf\Fortnite\usermode\usermode\Menu.h(659,48): warning C4244: "Argument": Konvertierung von "int" in "float", möglicher Datenverlust
C:\Users\nasa\Documents\kast.wtf\Fortnite\usermode\usermode\Menu.h(660,122): warning C4244: "Argument": Konvertierung von "int" in "float", möglicher Datenverlust
C:\Users\nasa\Documents\kast.wtf\Fortnite\usermode\usermode\Menu.h(660,77): warning C4244: "Argument": Konvertierung von "int" in "float", möglicher Datenverlust
C:\Users\nasa\Documents\kast.wtf\Fortnite\usermode\usermode\Menu.h(660,72): warning C4244: "Argument": Konvertierung von "int" in "float", möglicher Datenverlust
C:\Users\nasa\Documents\kast.wtf\Fortnite\usermode\usermode\Menu.h(660,46): warning C4244: "Argument": Konvertierung von "int" in "float", möglicher Datenverlust
C:\Users\nasa\Documents\kast.wtf\Fortnite\usermode\usermode\Menu.h(661,122): warning C4244: "Argument": Konvertierung von "int" in "float", möglicher Datenverlust
C:\Users\nasa\Documents\kast.wtf\Fortnite\usermode\usermode\Menu.h(661,77): warning C4244: "Argument": Konvertierung von "int" in "float", möglicher Datenverlust
C:\Users\nasa\Documents\kast.wtf\Fortnite\usermode\usermode\Menu.h(661,51): warning C4244: "Argument": Konvertierung von "int" in "float", möglicher Datenverlust
C:\Users\nasa\Documents\kast.wtf\Fortnite\usermode\usermode\Menu.h(661,46): warning C4244: "Argument": Konvertierung von "int" in "float", möglicher Datenverlust
C:\Users\nasa\Documents\kast.wtf\Fortnite\usermode\usermode\Menu.h(662,130): warning C4244: "Argument": Konvertierung von "int" in "float", möglicher Datenverlust
C:\Users\nasa\Documents\kast.wtf\Fortnite\usermode\usermode\Menu.h(662,85): warning C4244: "Argument": Konvertierung von "int" in "float", möglicher Datenverlust
C:\Users\nasa\Documents\kast.wtf\Fortnite\usermode\usermode\Menu.h(662,78): warning C4244: "Argument": Konvertierung von "int" in "float", möglicher Datenverlust
C:\Users\nasa\Documents\kast.wtf\Fortnite\usermode\usermode\Menu.h(662,63): warning C4244: "Argument": Konvertierung von "int" in "float", möglicher Datenverlust
C:\Users\nasa\Documents\kast.wtf\Fortnite\usermode\usermode\Menu.h(663,130): warning C4244: "Argument": Konvertierung von "int" in "float", möglicher Datenverlust
C:\Users\nasa\Documents\kast.wtf\Fortnite\usermode\usermode\Menu.h(663,85): warning C4244: "Argument": Konvertierung von "int" in "float", möglicher Datenverlust
C:\Users\nasa\Documents\kast.wtf\Fortnite\usermode\usermode\Menu.h(663,78): warning C4244: "Argument": Konvertierung von "int" in "float", möglicher Datenverlust
C:\Users\nasa\Documents\kast.wtf\Fortnite\usermode\usermode\Menu.h(663,48): warning C4244: "Argument": Konvertierung von "int" in "float", möglicher Datenverlust
C:\Users\nasa\Documents\kast.wtf\Fortnite\usermode\usermode\Menu.h(677,21): warning C4244: "=": Konvertierung von "T" in "float", möglicher Datenverlust
          with
          [
              T=double
          ]
C:\Users\nasa\Documents\kast.wtf\Fortnite\usermode\usermode\Menu.h(718,34): warning C4244: "=": Konvertierung von "T" in "float", möglicher Datenverlust
          with
          [
              T=double
          ]
C:\Users\nasa\Documents\kast.wtf\Fortnite\usermode\usermode\Menu.h(712,11): warning C4101: "v7": Unreferenzierte lokale Variable
C:\Users\nasa\Documents\kast.wtf\Fortnite\usermode\usermode\Menu.h(713,11): warning C4101: "v8": Unreferenzierte lokale Variable
C:\Users\nasa\Documents\kast.wtf\Fortnite\usermode\usermode\Menu.h(711,11): warning C4101: "v6": Unreferenzierte lokale Variable
C:\Users\nasa\Documents\kast.wtf\Fortnite\usermode\usermode\Menu.h(805,66): warning C4244: "Argument": Konvertierung von "int" in "float", möglicher Datenverlust
C:\Users\nasa\Documents\kast.wtf\Fortnite\usermode\usermode\Menu.h(805,38): warning C4244: "Argument": Konvertierung von "int" in "float", möglicher Datenverlust
C:\Users\nasa\Documents\kast.wtf\Fortnite\usermode\usermode\Menu.h(820,62): warning C4244: "Argument": Konvertierung von "int" in "float", möglicher Datenverlust
C:\Users\nasa\Documents\kast.wtf\Fortnite\usermode\usermode\Menu.h(820,43): warning C4244: "Argument": Konvertierung von "int" in "float", möglicher Datenverlust
C:\Users\nasa\Documents\kast.wtf\Fortnite\usermode\usermode\Menu.h(839,74): warning C4267: "Argument": Konvertierung von "size_t" nach "int", Datenverlust möglich
C:\Users\nasa\Documents\kast.wtf\Fortnite\usermode\usermode\Menu.h(873,31): warning C4267: "Initialisierung": Konvertierung von "size_t" nach "int", Datenverlust möglich
C:\Users\nasa\Documents\kast.wtf\Fortnite\usermode\usermode\Menu.h(887,49): warning C4244: "Argument": Konvertierung von "int" in "float", möglicher Datenverlust
C:\Users\nasa\Documents\kast.wtf\Fortnite\usermode\usermode\Menu.h(887,46): warning C4244: "Argument": Konvertierung von "int" in "float", möglicher Datenverlust
C:\Users\nasa\Documents\kast.wtf\Fortnite\usermode\usermode\Menu.h(892,110): warning C4244: "Argument": Konvertierung von "int" in "float", möglicher Datenverlust
C:\Users\nasa\Documents\kast.wtf\Fortnite\usermode\usermode\Menu.h(892,66): warning C4244: "Argument": Konvertierung von "int" in "float", möglicher Datenverlust
C:\Users\nasa\Documents\kast.wtf\Fortnite\usermode\usermode\Menu.h(892,62): warning C4244: "Argument": Konvertierung von "int" in "float", möglicher Datenverlust
C:\Users\nasa\Documents\kast.wtf\Fortnite\usermode\usermode\Menu.h(892,50): warning C4244: "Argument": Konvertierung von "int" in "float", möglicher Datenverlust
C:\Users\nasa\Documents\kast.wtf\Fortnite\usermode\usermode\Menu.h(892,46): warning C4244: "Argument": Konvertierung von "int" in "float", möglicher Datenverlust
C:\Users\nasa\Documents\kast.wtf\Fortnite\usermode\usermode\Menu.h(897,75): warning C4244: "Argument": Konvertierung von "int" in "float", möglicher Datenverlust
C:\Users\nasa\Documents\kast.wtf\Fortnite\usermode\usermode\Menu.h(897,68): warning C4244: "Argument": Konvertierung von "int" in "float", möglicher Datenverlust
C:\Users\nasa\Documents\kast.wtf\Fortnite\usermode\usermode\Menu.h(897,55): warning C4244: "Argument": Konvertierung von "int" in "float", möglicher Datenverlust
C:\Users\nasa\Documents\kast.wtf\Fortnite\usermode\usermode\Menu.h(897,52): warning C4244: "Argument": Konvertierung von "int" in "float", möglicher Datenverlust
C:\Users\nasa\Documents\kast.wtf\Fortnite\usermode\usermode\Menu.h(919,73): warning C4244: "Argument": Konvertierung von "float" in "int", möglicher Datenverlust
C:\Users\nasa\Documents\kast.wtf\Fortnite\usermode\usermode\Menu.h(919,49): warning C4244: "Argument": Konvertierung von "float" in "int", möglicher Datenverlust
C:\Users\nasa\Documents\kast.wtf\Fortnite\usermode\usermode\Menu.h(919,30): warning C4244: "Argument": Konvertierung von "float" in "int", möglicher Datenverlust
C:\Users\nasa\Documents\kast.wtf\Fortnite\usermode\usermode\Menu.h(919,17): warning C4244: "Argument": Konvertierung von "const float" in "int", möglicher Datenverlust
C:\Users\nasa\Documents\kast.wtf\Fortnite\usermode\usermode\Menu.h(921,95): warning C4244: "Argument": Konvertierung von "float" in "int", möglicher Datenverlust
C:\Users\nasa\Documents\kast.wtf\Fortnite\usermode\usermode\Menu.h(921,52): warning C4244: "Argument": Konvertierung von "float" in "int", möglicher Datenverlust
C:\Users\nasa\Documents\kast.wtf\Fortnite\usermode\usermode\Menu.h(921,11): warning C4244: "Argument": Konvertierung von "const float" in "int", möglicher Datenverlust
C:\Users\nasa\Documents\kast.wtf\Fortnite\usermode\usermode\Menu.h(922,42): warning C4244: "Argument": Konvertierung von "float" in "int", möglicher Datenverlust
C:\Users\nasa\Documents\kast.wtf\Fortnite\usermode\usermode\Menu.h(922,24): warning C4244: "Argument": Konvertierung von "float" in "int", möglicher Datenverlust
C:\Users\nasa\Documents\kast.wtf\Fortnite\usermode\usermode\Menu.h(923,42): warning C4244: "Argument": Konvertierung von "float" in "int", möglicher Datenverlust
C:\Users\nasa\Documents\kast.wtf\Fortnite\usermode\usermode\Menu.h(923,24): warning C4244: "Argument": Konvertierung von "float" in "int", möglicher Datenverlust
C:\Users\nasa\Documents\kast.wtf\Fortnite\usermode\usermode\Menu.h(930,111): warning C4244: "Argument": Konvertierung von "int" in "float", möglicher Datenverlust
C:\Users\nasa\Documents\kast.wtf\Fortnite\usermode\usermode\Menu.h(930,67): warning C4244: "Argument": Konvertierung von "int" in "float", möglicher Datenverlust
C:\Users\nasa\Documents\kast.wtf\Fortnite\usermode\usermode\Menu.h(930,63): warning C4244: "Argument": Konvertierung von "int" in "float", möglicher Datenverlust
C:\Users\nasa\Documents\kast.wtf\Fortnite\usermode\usermode\Menu.h(930,51): warning C4244: "Argument": Konvertierung von "int" in "float", möglicher Datenverlust
C:\Users\nasa\Documents\kast.wtf\Fortnite\usermode\usermode\Menu.h(930,47): warning C4244: "Argument": Konvertierung von "int" in "float", möglicher Datenverlust
C:\Users\nasa\Documents\kast.wtf\Fortnite\usermode\usermode\Menu.h(949,88): warning C4244: "Argument": Konvertierung von "double" in "float", möglicher Datenverlust
C:\Users\nasa\Documents\kast.wtf\Fortnite\usermode\usermode\Menu.h(949,17): warning C4244: "Initialisierung": Konvertierung von "double" in "float", möglicher Datenverlust
C:\Users\nasa\Documents\kast.wtf\Fortnite\usermode\usermode\Menu.h(952,27): warning C4244: "Argument": Konvertierung von "double" in "float", möglicher Datenverlust
C:\Users\nasa\Documents\kast.wtf\Fortnite\usermode\usermode\Menu.h(953,35): warning C4244: "Argument": Konvertierung von "double" in "float", möglicher Datenverlust
C:\Users\nasa\Documents\kast.wtf\Fortnite\usermode\usermode\Menu.h(953,22): warning C4244: "Argument": Konvertierung von "double" in "float", möglicher Datenverlust
C:\Users\nasa\Documents\kast.wtf\Fortnite\usermode\usermode\Menu.h(990,10): warning C4244: "=": Konvertierung von "double" in "float", möglicher Datenverlust
C:\Users\nasa\Documents\kast.wtf\Fortnite\usermode\usermode\Menu.h(991,10): warning C4244: "=": Konvertierung von "double" in "float", möglicher Datenverlust
C:\Users\nasa\Documents\kast.wtf\Fortnite\usermode\usermode\Menu.h(993,10): warning C4244: "=": Konvertierung von "double" in "float", möglicher Datenverlust
C:\Users\nasa\Documents\kast.wtf\Fortnite\usermode\usermode\Menu.h(994,10): warning C4244: "=": Konvertierung von "double" in "float", möglicher Datenverlust
C:\Users\nasa\Documents\kast.wtf\Fortnite\usermode\usermode\Menu.h(1034,100): warning C4244: "Argument": Konvertierung von "double" in "float", möglicher Datenverlust
C:\Users\nasa\Documents\kast.wtf\Fortnite\usermode\usermode\Menu.h(1034,82): warning C4244: "Argument": Konvertierung von "double" in "float", möglicher Datenverlust
C:\Users\nasa\Documents\kast.wtf\Fortnite\usermode\usermode\Menu.h(1034,56): warning C4244: "Argument": Konvertierung von "double" in "float", möglicher Datenverlust
C:\Users\nasa\Documents\kast.wtf\Fortnite\usermode\usermode\Menu.h(1034,40): warning C4244: "Argument": Konvertierung von "double" in "float", möglicher Datenverlust
C:\Users\nasa\Documents\kast.wtf\Fortnite\usermode\usermode\Menu.h(1035,100): warning C4244: "Argument": Konvertierung von "double" in "float", möglicher Datenverlust
C:\Users\nasa\Documents\kast.wtf\Fortnite\usermode\usermode\Menu.h(1035,84): warning C4244: "Argument": Konvertierung von "double" in "float", möglicher Datenverlust
C:\Users\nasa\Documents\kast.wtf\Fortnite\usermode\usermode\Menu.h(1035,60): warning C4244: "Argument": Konvertierung von "double" in "float", möglicher Datenverlust
C:\Users\nasa\Documents\kast.wtf\Fortnite\usermode\usermode\Menu.h(1035,42): warning C4244: "Argument": Konvertierung von "double" in "float", möglicher Datenverlust
C:\Users\nasa\Documents\kast.wtf\Fortnite\usermode\usermode\Menu.h(1036,98): warning C4244: "Argument": Konvertierung von "double" in "float", möglicher Datenverlust
C:\Users\nasa\Documents\kast.wtf\Fortnite\usermode\usermode\Menu.h(1036,81): warning C4244: "Argument": Konvertierung von "double" in "float", möglicher Datenverlust
C:\Users\nasa\Documents\kast.wtf\Fortnite\usermode\usermode\Menu.h(1036,56): warning C4244: "Argument": Konvertierung von "double" in "float", möglicher Datenverlust
C:\Users\nasa\Documents\kast.wtf\Fortnite\usermode\usermode\Menu.h(1036,40): warning C4244: "Argument": Konvertierung von "double" in "float", möglicher Datenverlust
C:\Users\nasa\Documents\kast.wtf\Fortnite\usermode\usermode\Menu.h(1037,98): warning C4244: "Argument": Konvertierung von "double" in "float", möglicher Datenverlust
C:\Users\nasa\Documents\kast.wtf\Fortnite\usermode\usermode\Menu.h(1037,82): warning C4244: "Argument": Konvertierung von "double" in "float", möglicher Datenverlust
C:\Users\nasa\Documents\kast.wtf\Fortnite\usermode\usermode\Menu.h(1037,58): warning C4244: "Argument": Konvertierung von "double" in "float", möglicher Datenverlust
C:\Users\nasa\Documents\kast.wtf\Fortnite\usermode\usermode\Menu.h(1037,41): warning C4244: "Argument": Konvertierung von "double" in "float", möglicher Datenverlust
C:\Users\nasa\Documents\kast.wtf\Fortnite\usermode\usermode\Menu.h(1039,88): warning C4244: "Argument": Konvertierung von "double" in "float", möglicher Datenverlust
C:\Users\nasa\Documents\kast.wtf\Fortnite\usermode\usermode\Menu.h(1039,73): warning C4244: "Argument": Konvertierung von "double" in "float", möglicher Datenverlust
C:\Users\nasa\Documents\kast.wtf\Fortnite\usermode\usermode\Menu.h(1039,50): warning C4244: "Argument": Konvertierung von "double" in "float", möglicher Datenverlust
C:\Users\nasa\Documents\kast.wtf\Fortnite\usermode\usermode\Menu.h(1039,37): warning C4244: "Argument": Konvertierung von "double" in "float", möglicher Datenverlust
C:\Users\nasa\Documents\kast.wtf\Fortnite\usermode\usermode\Menu.h(1040,88): warning C4244: "Argument": Konvertierung von "double" in "float", möglicher Datenverlust
C:\Users\nasa\Documents\kast.wtf\Fortnite\usermode\usermode\Menu.h(1040,75): warning C4244: "Argument": Konvertierung von "double" in "float", möglicher Datenverlust
C:\Users\nasa\Documents\kast.wtf\Fortnite\usermode\usermode\Menu.h(1040,54): warning C4244: "Argument": Konvertierung von "double" in "float", möglicher Datenverlust
C:\Users\nasa\Documents\kast.wtf\Fortnite\usermode\usermode\Menu.h(1040,39): warning C4244: "Argument": Konvertierung von "double" in "float", möglicher Datenverlust
C:\Users\nasa\Documents\kast.wtf\Fortnite\usermode\usermode\Menu.h(1041,86): warning C4244: "Argument": Konvertierung von "double" in "float", möglicher Datenverlust
C:\Users\nasa\Documents\kast.wtf\Fortnite\usermode\usermode\Menu.h(1041,72): warning C4244: "Argument": Konvertierung von "double" in "float", möglicher Datenverlust
C:\Users\nasa\Documents\kast.wtf\Fortnite\usermode\usermode\Menu.h(1041,50): warning C4244: "Argument": Konvertierung von "double" in "float", möglicher Datenverlust
C:\Users\nasa\Documents\kast.wtf\Fortnite\usermode\usermode\Menu.h(1041,37): warning C4244: "Argument": Konvertierung von "double" in "float", möglicher Datenverlust
C:\Users\nasa\Documents\kast.wtf\Fortnite\usermode\usermode\Menu.h(1042,86): warning C4244: "Argument": Konvertierung von "double" in "float", möglicher Datenverlust
C:\Users\nasa\Documents\kast.wtf\Fortnite\usermode\usermode\Menu.h(1042,73): warning C4244: "Argument": Konvertierung von "double" in "float", möglicher Datenverlust
C:\Users\nasa\Documents\kast.wtf\Fortnite\usermode\usermode\Menu.h(1042,52): warning C4244: "Argument": Konvertierung von "double" in "float", möglicher Datenverlust
C:\Users\nasa\Documents\kast.wtf\Fortnite\usermode\usermode\Menu.h(1042,38): warning C4244: "Argument": Konvertierung von "double" in "float", möglicher Datenverlust
C:\Users\nasa\Documents\kast.wtf\Fortnite\usermode\usermode\Menu.h(1044,90): warning C4244: "Argument": Konvertierung von "double" in "float", möglicher Datenverlust
C:\Users\nasa\Documents\kast.wtf\Fortnite\usermode\usermode\Menu.h(1044,77): warning C4244: "Argument": Konvertierung von "double" in "float", möglicher Datenverlust
C:\Users\nasa\Documents\kast.wtf\Fortnite\usermode\usermode\Menu.h(1044,56): warning C4244: "Argument": Konvertierung von "double" in "float", möglicher Datenverlust
C:\Users\nasa\Documents\kast.wtf\Fortnite\usermode\usermode\Menu.h(1044,40): warning C4244: "Argument": Konvertierung von "double" in "float", möglicher Datenverlust
C:\Users\nasa\Documents\kast.wtf\Fortnite\usermode\usermode\Menu.h(1045,90): warning C4244: "Argument": Konvertierung von "double" in "float", möglicher Datenverlust
C:\Users\nasa\Documents\kast.wtf\Fortnite\usermode\usermode\Menu.h(1045,77): warning C4244: "Argument": Konvertierung von "double" in "float", möglicher Datenverlust
C:\Users\nasa\Documents\kast.wtf\Fortnite\usermode\usermode\Menu.h(1045,56): warning C4244: "Argument": Konvertierung von "double" in "float", möglicher Datenverlust
C:\Users\nasa\Documents\kast.wtf\Fortnite\usermode\usermode\Menu.h(1045,40): warning C4244: "Argument": Konvertierung von "double" in "float", möglicher Datenverlust
C:\Users\nasa\Documents\kast.wtf\Fortnite\usermode\usermode\Menu.h(1046,98): warning C4244: "Argument": Konvertierung von "double" in "float", möglicher Datenverlust
C:\Users\nasa\Documents\kast.wtf\Fortnite\usermode\usermode\Menu.h(1046,83): warning C4244: "Argument": Konvertierung von "double" in "float", möglicher Datenverlust
C:\Users\nasa\Documents\kast.wtf\Fortnite\usermode\usermode\Menu.h(1046,60): warning C4244: "Argument": Konvertierung von "double" in "float", möglicher Datenverlust
C:\Users\nasa\Documents\kast.wtf\Fortnite\usermode\usermode\Menu.h(1046,42): warning C4244: "Argument": Konvertierung von "double" in "float", möglicher Datenverlust
C:\Users\nasa\Documents\kast.wtf\Fortnite\usermode\usermode\Menu.h(1047,94): warning C4244: "Argument": Konvertierung von "double" in "float", möglicher Datenverlust
C:\Users\nasa\Documents\kast.wtf\Fortnite\usermode\usermode\Menu.h(1047,80): warning C4244: "Argument": Konvertierung von "double" in "float", möglicher Datenverlust
C:\Users\nasa\Documents\kast.wtf\Fortnite\usermode\usermode\Menu.h(1047,58): warning C4244: "Argument": Konvertierung von "double" in "float", möglicher Datenverlust
C:\Users\nasa\Documents\kast.wtf\Fortnite\usermode\usermode\Menu.h(1047,41): warning C4244: "Argument": Konvertierung von "double" in "float", möglicher Datenverlust
C:\Users\nasa\Documents\kast.wtf\Fortnite\usermode\usermode\Menu.h(1074,100): warning C4244: "Argument": Konvertierung von "double" in "float", möglicher Datenverlust
C:\Users\nasa\Documents\kast.wtf\Fortnite\usermode\usermode\Menu.h(1074,82): warning C4244: "Argument": Konvertierung von "double" in "float", möglicher Datenverlust
C:\Users\nasa\Documents\kast.wtf\Fortnite\usermode\usermode\Menu.h(1074,56): warning C4244: "Argument": Konvertierung von "double" in "float", möglicher Datenverlust
C:\Users\nasa\Documents\kast.wtf\Fortnite\usermode\usermode\Menu.h(1074,40): warning C4244: "Argument": Konvertierung von "double" in "float", möglicher Datenverlust
C:\Users\nasa\Documents\kast.wtf\Fortnite\usermode\usermode\Menu.h(1075,100): warning C4244: "Argument": Konvertierung von "double" in "float", möglicher Datenverlust
C:\Users\nasa\Documents\kast.wtf\Fortnite\usermode\usermode\Menu.h(1075,84): warning C4244: "Argument": Konvertierung von "double" in "float", möglicher Datenverlust
C:\Users\nasa\Documents\kast.wtf\Fortnite\usermode\usermode\Menu.h(1075,60): warning C4244: "Argument": Konvertierung von "double" in "float", möglicher Datenverlust
C:\Users\nasa\Documents\kast.wtf\Fortnite\usermode\usermode\Menu.h(1075,42): warning C4244: "Argument": Konvertierung von "double" in "float", möglicher Datenverlust
C:\Users\nasa\Documents\kast.wtf\Fortnite\usermode\usermode\Menu.h(1076,98): warning C4244: "Argument": Konvertierung von "double" in "float", möglicher Datenverlust
C:\Users\nasa\Documents\kast.wtf\Fortnite\usermode\usermode\Menu.h(1076,81): warning C4244: "Argument": Konvertierung von "double" in "float", möglicher Datenverlust
C:\Users\nasa\Documents\kast.wtf\Fortnite\usermode\usermode\Menu.h(1076,56): warning C4244: "Argument": Konvertierung von "double" in "float", möglicher Datenverlust
C:\Users\nasa\Documents\kast.wtf\Fortnite\usermode\usermode\Menu.h(1076,40): warning C4244: "Argument": Konvertierung von "double" in "float", möglicher Datenverlust
C:\Users\nasa\Documents\kast.wtf\Fortnite\usermode\usermode\Menu.h(1077,98): warning C4244: "Argument": Konvertierung von "double" in "float", möglicher Datenverlust
C:\Users\nasa\Documents\kast.wtf\Fortnite\usermode\usermode\Menu.h(1077,82): warning C4244: "Argument": Konvertierung von "double" in "float", möglicher Datenverlust
C:\Users\nasa\Documents\kast.wtf\Fortnite\usermode\usermode\Menu.h(1077,58): warning C4244: "Argument": Konvertierung von "double" in "float", möglicher Datenverlust
C:\Users\nasa\Documents\kast.wtf\Fortnite\usermode\usermode\Menu.h(1077,41): warning C4244: "Argument": Konvertierung von "double" in "float", möglicher Datenverlust
C:\Users\nasa\Documents\kast.wtf\Fortnite\usermode\usermode\Menu.h(1079,88): warning C4244: "Argument": Konvertierung von "double" in "float", möglicher Datenverlust
C:\Users\nasa\Documents\kast.wtf\Fortnite\usermode\usermode\Menu.h(1079,73): warning C4244: "Argument": Konvertierung von "double" in "float", möglicher Datenverlust
C:\Users\nasa\Documents\kast.wtf\Fortnite\usermode\usermode\Menu.h(1079,50): warning C4244: "Argument": Konvertierung von "double" in "float", möglicher Datenverlust
C:\Users\nasa\Documents\kast.wtf\Fortnite\usermode\usermode\Menu.h(1079,37): warning C4244: "Argument": Konvertierung von "double" in "float", möglicher Datenverlust
C:\Users\nasa\Documents\kast.wtf\Fortnite\usermode\usermode\Menu.h(1080,88): warning C4244: "Argument": Konvertierung von "double" in "float", möglicher Datenverlust
C:\Users\nasa\Documents\kast.wtf\Fortnite\usermode\usermode\Menu.h(1080,75): warning C4244: "Argument": Konvertierung von "double" in "float", möglicher Datenverlust
C:\Users\nasa\Documents\kast.wtf\Fortnite\usermode\usermode\Menu.h(1080,54): warning C4244: "Argument": Konvertierung von "double" in "float", möglicher Datenverlust
C:\Users\nasa\Documents\kast.wtf\Fortnite\usermode\usermode\Menu.h(1080,39): warning C4244: "Argument": Konvertierung von "double" in "float", möglicher Datenverlust
C:\Users\nasa\Documents\kast.wtf\Fortnite\usermode\usermode\Menu.h(1081,86): warning C4244: "Argument": Konvertierung von "double" in "float", möglicher Datenverlust
C:\Users\nasa\Documents\kast.wtf\Fortnite\usermode\usermode\Menu.h(1081,72): warning C4244: "Argument": Konvertierung von "double" in "float", möglicher Datenverlust
C:\Users\nasa\Documents\kast.wtf\Fortnite\usermode\usermode\Menu.h(1081,50): warning C4244: "Argument": Konvertierung von "double" in "float", möglicher Datenverlust
C:\Users\nasa\Documents\kast.wtf\Fortnite\usermode\usermode\Menu.h(1081,37): warning C4244: "Argument": Konvertierung von "double" in "float", möglicher Datenverlust
C:\Users\nasa\Documents\kast.wtf\Fortnite\usermode\usermode\Menu.h(1082,86): warning C4244: "Argument": Konvertierung von "double" in "float", möglicher Datenverlust
C:\Users\nasa\Documents\kast.wtf\Fortnite\usermode\usermode\Menu.h(1082,73): warning C4244: "Argument": Konvertierung von "double" in "float", möglicher Datenverlust
C:\Users\nasa\Documents\kast.wtf\Fortnite\usermode\usermode\Menu.h(1082,52): warning C4244: "Argument": Konvertierung von "double" in "float", möglicher Datenverlust
C:\Users\nasa\Documents\kast.wtf\Fortnite\usermode\usermode\Menu.h(1082,38): warning C4244: "Argument": Konvertierung von "double" in "float", möglicher Datenverlust
C:\Users\nasa\Documents\kast.wtf\Fortnite\usermode\usermode\Menu.h(1084,90): warning C4244: "Argument": Konvertierung von "double" in "float", möglicher Datenverlust
C:\Users\nasa\Documents\kast.wtf\Fortnite\usermode\usermode\Menu.h(1084,77): warning C4244: "Argument": Konvertierung von "double" in "float", möglicher Datenverlust
C:\Users\nasa\Documents\kast.wtf\Fortnite\usermode\usermode\Menu.h(1084,56): warning C4244: "Argument": Konvertierung von "double" in "float", möglicher Datenverlust
C:\Users\nasa\Documents\kast.wtf\Fortnite\usermode\usermode\Menu.h(1084,40): warning C4244: "Argument": Konvertierung von "double" in "float", möglicher Datenverlust
C:\Users\nasa\Documents\kast.wtf\Fortnite\usermode\usermode\Menu.h(1085,90): warning C4244: "Argument": Konvertierung von "double" in "float", möglicher Datenverlust
C:\Users\nasa\Documents\kast.wtf\Fortnite\usermode\usermode\Menu.h(1085,77): warning C4244: "Argument": Konvertierung von "double" in "float", möglicher Datenverlust
C:\Users\nasa\Documents\kast.wtf\Fortnite\usermode\usermode\Menu.h(1085,56): warning C4244: "Argument": Konvertierung von "double" in "float", möglicher Datenverlust
C:\Users\nasa\Documents\kast.wtf\Fortnite\usermode\usermode\Menu.h(1085,40): warning C4244: "Argument": Konvertierung von "double" in "float", möglicher Datenverlust
C:\Users\nasa\Documents\kast.wtf\Fortnite\usermode\usermode\Menu.h(1086,98): warning C4244: "Argument": Konvertierung von "double" in "float", möglicher Datenverlust
C:\Users\nasa\Documents\kast.wtf\Fortnite\usermode\usermode\Menu.h(1086,83): warning C4244: "Argument": Konvertierung von "double" in "float", möglicher Datenverlust
C:\Users\nasa\Documents\kast.wtf\Fortnite\usermode\usermode\Menu.h(1086,60): warning C4244: "Argument": Konvertierung von "double" in "float", möglicher Datenverlust
C:\Users\nasa\Documents\kast.wtf\Fortnite\usermode\usermode\Menu.h(1086,42): warning C4244: "Argument": Konvertierung von "double" in "float", möglicher Datenverlust
C:\Users\nasa\Documents\kast.wtf\Fortnite\usermode\usermode\Menu.h(1087,94): warning C4244: "Argument": Konvertierung von "double" in "float", möglicher Datenverlust
C:\Users\nasa\Documents\kast.wtf\Fortnite\usermode\usermode\Menu.h(1087,80): warning C4244: "Argument": Konvertierung von "double" in "float", möglicher Datenverlust
C:\Users\nasa\Documents\kast.wtf\Fortnite\usermode\usermode\Menu.h(1087,58): warning C4244: "Argument": Konvertierung von "double" in "float", möglicher Datenverlust
C:\Users\nasa\Documents\kast.wtf\Fortnite\usermode\usermode\Menu.h(1087,41): warning C4244: "Argument": Konvertierung von "double" in "float", möglicher Datenverlust
C:\Users\nasa\Documents\kast.wtf\Fortnite\usermode\usermode\Menu.h(1092,75): warning C4244: "Argument": Konvertierung von "int" in "float", möglicher Datenverlust
C:\Users\nasa\Documents\kast.wtf\Fortnite\usermode\usermode\Menu.h(1092,68): warning C4244: "Argument": Konvertierung von "int" in "float", möglicher Datenverlust
C:\Users\nasa\Documents\kast.wtf\Fortnite\usermode\usermode\Menu.h(1092,55): warning C4244: "Argument": Konvertierung von "int" in "float", möglicher Datenverlust
C:\Users\nasa\Documents\kast.wtf\Fortnite\usermode\usermode\Menu.h(1092,52): warning C4244: "Argument": Konvertierung von "int" in "float", möglicher Datenverlust
C:\Users\nasa\Documents\kast.wtf\Fortnite\usermode\usermode\Menu.h(1094,15): warning C4244: "Initialisierung": Konvertierung von "int" in "float", möglicher Datenverlust
C:\Users\nasa\Documents\kast.wtf\Fortnite\usermode\usermode\Menu.h(1095,15): warning C4244: "Initialisierung": Konvertierung von "int" in "float", möglicher Datenverlust
C:\Users\nasa\Documents\kast.wtf\Fortnite\usermode\usermode\Menu.h(1100,15): warning C4244: "Initialisierung": Konvertierung von "float" in "int", möglicher Datenverlust
C:\Users\nasa\Documents\kast.wtf\Fortnite\usermode\usermode\Menu.h(1209,24): warning C4244: "Argument": Konvertierung von "double" in "float", möglicher Datenverlust
C:\Users\nasa\Documents\kast.wtf\Fortnite\usermode\usermode\Menu.h(1209,45): warning C4244: "Argument": Konvertierung von "double" in "float", möglicher Datenverlust
C:\Users\nasa\Documents\kast.wtf\Fortnite\usermode\usermode\Menu.h(1301,19): warning C4244: "Initialisierung": Konvertierung von "double" in "float", möglicher Datenverlust
C:\Users\nasa\Documents\kast.wtf\Fortnite\usermode\usermode\Menu.h(1302,18): warning C4244: "Initialisierung": Konvertierung von "double" in "float", möglicher Datenverlust
C:\Users\nasa\Documents\kast.wtf\Fortnite\usermode\usermode\Menu.h(1338,82): warning C4244: "Argument": Konvertierung von "float" in "int", möglicher Datenverlust
C:\Users\nasa\Documents\kast.wtf\Fortnite\usermode\usermode\Menu.h(1338,72): warning C4244: "Argument": Konvertierung von "float" in "int", möglicher Datenverlust
C:\Users\nasa\Documents\kast.wtf\Fortnite\usermode\usermode\Menu.h(1338,68): warning C4244: "Argument": Konvertierung von "double" in "int", möglicher Datenverlust
C:\Users\nasa\Documents\kast.wtf\Fortnite\usermode\usermode\Menu.h(1338,38): warning C4244: "Argument": Konvertierung von "double" in "int", möglicher Datenverlust
C:\Users\nasa\Documents\kast.wtf\Fortnite\usermode\usermode\Menu.h(1340,75): warning C4244: "Argument": Konvertierung von "float" in "int", möglicher Datenverlust
C:\Users\nasa\Documents\kast.wtf\Fortnite\usermode\usermode\Menu.h(1340,65): warning C4244: "Argument": Konvertierung von "float" in "int", möglicher Datenverlust
C:\Users\nasa\Documents\kast.wtf\Fortnite\usermode\usermode\Menu.h(1340,61): warning C4244: "Argument": Konvertierung von "double" in "int", möglicher Datenverlust
C:\Users\nasa\Documents\kast.wtf\Fortnite\usermode\usermode\Menu.h(1340,31): warning C4244: "Argument": Konvertierung von "double" in "int", möglicher Datenverlust
C:\Users\nasa\Documents\kast.wtf\Fortnite\usermode\usermode\Menu.h(1347,82): warning C4244: "Argument": Konvertierung von "float" in "int", möglicher Datenverlust
C:\Users\nasa\Documents\kast.wtf\Fortnite\usermode\usermode\Menu.h(1347,72): warning C4244: "Argument": Konvertierung von "float" in "int", möglicher Datenverlust
C:\Users\nasa\Documents\kast.wtf\Fortnite\usermode\usermode\Menu.h(1347,68): warning C4244: "Argument": Konvertierung von "double" in "int", möglicher Datenverlust
C:\Users\nasa\Documents\kast.wtf\Fortnite\usermode\usermode\Menu.h(1347,38): warning C4244: "Argument": Konvertierung von "double" in "int", möglicher Datenverlust
C:\Users\nasa\Documents\kast.wtf\Fortnite\usermode\usermode\Menu.h(1349,75): warning C4244: "Argument": Konvertierung von "float" in "int", möglicher Datenverlust
C:\Users\nasa\Documents\kast.wtf\Fortnite\usermode\usermode\Menu.h(1349,65): warning C4244: "Argument": Konvertierung von "float" in "int", möglicher Datenverlust
C:\Users\nasa\Documents\kast.wtf\Fortnite\usermode\usermode\Menu.h(1349,61): warning C4244: "Argument": Konvertierung von "double" in "int", möglicher Datenverlust
C:\Users\nasa\Documents\kast.wtf\Fortnite\usermode\usermode\Menu.h(1349,31): warning C4244: "Argument": Konvertierung von "double" in "int", möglicher Datenverlust
C:\Users\nasa\Documents\kast.wtf\Fortnite\usermode\usermode\Menu.h(1356,81): warning C4244: "Argument": Konvertierung von "float" in "int", möglicher Datenverlust
C:\Users\nasa\Documents\kast.wtf\Fortnite\usermode\usermode\Menu.h(1356,71): warning C4244: "Argument": Konvertierung von "float" in "int", möglicher Datenverlust
C:\Users\nasa\Documents\kast.wtf\Fortnite\usermode\usermode\Menu.h(1356,67): warning C4244: "Argument": Konvertierung von "double" in "int", möglicher Datenverlust
C:\Users\nasa\Documents\kast.wtf\Fortnite\usermode\usermode\Menu.h(1356,37): warning C4244: "Argument": Konvertierung von "double" in "int", möglicher Datenverlust
C:\Users\nasa\Documents\kast.wtf\Fortnite\usermode\usermode\Menu.h(1358,74): warning C4244: "Argument": Konvertierung von "float" in "int", möglicher Datenverlust
C:\Users\nasa\Documents\kast.wtf\Fortnite\usermode\usermode\Menu.h(1358,64): warning C4244: "Argument": Konvertierung von "float" in "int", möglicher Datenverlust
C:\Users\nasa\Documents\kast.wtf\Fortnite\usermode\usermode\Menu.h(1358,60): warning C4244: "Argument": Konvertierung von "double" in "int", möglicher Datenverlust
C:\Users\nasa\Documents\kast.wtf\Fortnite\usermode\usermode\Menu.h(1358,30): warning C4244: "Argument": Konvertierung von "double" in "int", möglicher Datenverlust
C:\Users\nasa\Documents\kast.wtf\Fortnite\usermode\usermode\Menu.h(1401,98): warning C4244: "Argument": Konvertierung von "double" in "float", möglicher Datenverlust
C:\Users\nasa\Documents\kast.wtf\Fortnite\usermode\usermode\Menu.h(1401,86): warning C4244: "Argument": Konvertierung von "double" in "float", möglicher Datenverlust
C:\Users\nasa\Documents\kast.wtf\Fortnite\usermode\usermode\Menu.h(1401,66): warning C4244: "Argument": Konvertierung von "double" in "float", möglicher Datenverlust
C:\Users\nasa\Documents\kast.wtf\Fortnite\usermode\usermode\Menu.h(1401,55): warning C4244: "Argument": Konvertierung von "double" in "float", möglicher Datenverlust
C:\Users\nasa\Documents\kast.wtf\Fortnite\usermode\usermode\Menu.h(1402,116): warning C4244: "Argument": Konvertierung von "double" in "float", möglicher Datenverlust
C:\Users\nasa\Documents\kast.wtf\Fortnite\usermode\usermode\Menu.h(1402,104): warning C4244: "Argument": Konvertierung von "double" in "float", möglicher Datenverlust
C:\Users\nasa\Documents\kast.wtf\Fortnite\usermode\usermode\Menu.h(1402,84): warning C4244: "Argument": Konvertierung von "double" in "float", möglicher Datenverlust
C:\Users\nasa\Documents\kast.wtf\Fortnite\usermode\usermode\Menu.h(1402,64): warning C4244: "Argument": Konvertierung von "double" in "float", möglicher Datenverlust
C:\Users\nasa\Documents\kast.wtf\Fortnite\usermode\usermode\Menu.h(1403,118): warning C4244: "Argument": Konvertierung von "double" in "float", möglicher Datenverlust
C:\Users\nasa\Documents\kast.wtf\Fortnite\usermode\usermode\Menu.h(1403,106): warning C4244: "Argument": Konvertierung von "double" in "float", möglicher Datenverlust
C:\Users\nasa\Documents\kast.wtf\Fortnite\usermode\usermode\Menu.h(1403,86): warning C4244: "Argument": Konvertierung von "double" in "float", möglicher Datenverlust
C:\Users\nasa\Documents\kast.wtf\Fortnite\usermode\usermode\Menu.h(1403,65): warning C4244: "Argument": Konvertierung von "double" in "float", möglicher Datenverlust
C:\Users\nasa\Documents\kast.wtf\Fortnite\usermode\usermode\Menu.h(1404,124): warning C4244: "Argument": Konvertierung von "double" in "float", möglicher Datenverlust
C:\Users\nasa\Documents\kast.wtf\Fortnite\usermode\usermode\Menu.h(1404,104): warning C4244: "Argument": Konvertierung von "double" in "float", möglicher Datenverlust
C:\Users\nasa\Documents\kast.wtf\Fortnite\usermode\usermode\Menu.h(1404,76): warning C4244: "Argument": Konvertierung von "double" in "float", möglicher Datenverlust
C:\Users\nasa\Documents\kast.wtf\Fortnite\usermode\usermode\Menu.h(1404,60): warning C4244: "Argument": Konvertierung von "double" in "float", möglicher Datenverlust
C:\Users\nasa\Documents\kast.wtf\Fortnite\usermode\usermode\Menu.h(1405,128): warning C4244: "Argument": Konvertierung von "double" in "float", möglicher Datenverlust
C:\Users\nasa\Documents\kast.wtf\Fortnite\usermode\usermode\Menu.h(1405,107): warning C4244: "Argument": Konvertierung von "double" in "float", möglicher Datenverlust
C:\Users\nasa\Documents\kast.wtf\Fortnite\usermode\usermode\Menu.h(1405,78): warning C4244: "Argument": Konvertierung von "double" in "float", möglicher Datenverlust
C:\Users\nasa\Documents\kast.wtf\Fortnite\usermode\usermode\Menu.h(1405,61): warning C4244: "Argument": Konvertierung von "double" in "float", möglicher Datenverlust
C:\Users\nasa\Documents\kast.wtf\Fortnite\usermode\usermode\Menu.h(1406,118): warning C4244: "Argument": Konvertierung von "double" in "float", möglicher Datenverlust
C:\Users\nasa\Documents\kast.wtf\Fortnite\usermode\usermode\Menu.h(1406,101): warning C4244: "Argument": Konvertierung von "double" in "float", möglicher Datenverlust
C:\Users\nasa\Documents\kast.wtf\Fortnite\usermode\usermode\Menu.h(1406,76): warning C4244: "Argument": Konvertierung von "double" in "float", möglicher Datenverlust
C:\Users\nasa\Documents\kast.wtf\Fortnite\usermode\usermode\Menu.h(1406,60): warning C4244: "Argument": Konvertierung von "double" in "float", möglicher Datenverlust
C:\Users\nasa\Documents\kast.wtf\Fortnite\usermode\usermode\Menu.h(1407,122): warning C4244: "Argument": Konvertierung von "double" in "float", möglicher Datenverlust
C:\Users\nasa\Documents\kast.wtf\Fortnite\usermode\usermode\Menu.h(1407,104): warning C4244: "Argument": Konvertierung von "double" in "float", möglicher Datenverlust
C:\Users\nasa\Documents\kast.wtf\Fortnite\usermode\usermode\Menu.h(1407,78): warning C4244: "Argument": Konvertierung von "double" in "float", möglicher Datenverlust
C:\Users\nasa\Documents\kast.wtf\Fortnite\usermode\usermode\Menu.h(1407,61): warning C4244: "Argument": Konvertierung von "double" in "float", möglicher Datenverlust
C:\Users\nasa\Documents\kast.wtf\Fortnite\usermode\usermode\Menu.h(1408,108): warning C4244: "Argument": Konvertierung von "double" in "float", möglicher Datenverlust
C:\Users\nasa\Documents\kast.wtf\Fortnite\usermode\usermode\Menu.h(1408,97): warning C4244: "Argument": Konvertierung von "double" in "float", möglicher Datenverlust
C:\Users\nasa\Documents\kast.wtf\Fortnite\usermode\usermode\Menu.h(1408,78): warning C4244: "Argument": Konvertierung von "double" in "float", möglicher Datenverlust
C:\Users\nasa\Documents\kast.wtf\Fortnite\usermode\usermode\Menu.h(1408,61): warning C4244: "Argument": Konvertierung von "double" in "float", möglicher Datenverlust
C:\Users\nasa\Documents\kast.wtf\Fortnite\usermode\usermode\Menu.h(1409,110): warning C4244: "Argument": Konvertierung von "double" in "float", möglicher Datenverlust
C:\Users\nasa\Documents\kast.wtf\Fortnite\usermode\usermode\Menu.h(1409,99): warning C4244: "Argument": Konvertierung von "double" in "float", möglicher Datenverlust
C:\Users\nasa\Documents\kast.wtf\Fortnite\usermode\usermode\Menu.h(1409,80): warning C4244: "Argument": Konvertierung von "double" in "float", möglicher Datenverlust
C:\Users\nasa\Documents\kast.wtf\Fortnite\usermode\usermode\Menu.h(1409,62): warning C4244: "Argument": Konvertierung von "double" in "float", möglicher Datenverlust
C:\Users\nasa\Documents\kast.wtf\Fortnite\usermode\usermode\Menu.h(1410,118): warning C4244: "Argument": Konvertierung von "double" in "float", möglicher Datenverlust
C:\Users\nasa\Documents\kast.wtf\Fortnite\usermode\usermode\Menu.h(1410,101): warning C4244: "Argument": Konvertierung von "double" in "float", möglicher Datenverlust
C:\Users\nasa\Documents\kast.wtf\Fortnite\usermode\usermode\Menu.h(1410,76): warning C4244: "Argument": Konvertierung von "double" in "float", möglicher Datenverlust
C:\Users\nasa\Documents\kast.wtf\Fortnite\usermode\usermode\Menu.h(1410,60): warning C4244: "Argument": Konvertierung von "double" in "float", möglicher Datenverlust
C:\Users\nasa\Documents\kast.wtf\Fortnite\usermode\usermode\Menu.h(1411,122): warning C4244: "Argument": Konvertierung von "double" in "float", möglicher Datenverlust
C:\Users\nasa\Documents\kast.wtf\Fortnite\usermode\usermode\Menu.h(1411,104): warning C4244: "Argument": Konvertierung von "double" in "float", möglicher Datenverlust
C:\Users\nasa\Documents\kast.wtf\Fortnite\usermode\usermode\Menu.h(1411,78): warning C4244: "Argument": Konvertierung von "double" in "float", möglicher Datenverlust
C:\Users\nasa\Documents\kast.wtf\Fortnite\usermode\usermode\Menu.h(1411,61): warning C4244: "Argument": Konvertierung von "double" in "float", möglicher Datenverlust
C:\Users\nasa\Documents\kast.wtf\Fortnite\usermode\usermode\Menu.h(1412,116): warning C4244: "Argument": Konvertierung von "double" in "float", möglicher Datenverlust
C:\Users\nasa\Documents\kast.wtf\Fortnite\usermode\usermode\Menu.h(1412,100): warning C4244: "Argument": Konvertierung von "double" in "float", möglicher Datenverlust
C:\Users\nasa\Documents\kast.wtf\Fortnite\usermode\usermode\Menu.h(1412,76): warning C4244: "Argument": Konvertierung von "double" in "float", möglicher Datenverlust
C:\Users\nasa\Documents\kast.wtf\Fortnite\usermode\usermode\Menu.h(1412,60): warning C4244: "Argument": Konvertierung von "double" in "float", möglicher Datenverlust
C:\Users\nasa\Documents\kast.wtf\Fortnite\usermode\usermode\Menu.h(1413,120): warning C4244: "Argument": Konvertierung von "double" in "float", möglicher Datenverlust
C:\Users\nasa\Documents\kast.wtf\Fortnite\usermode\usermode\Menu.h(1413,103): warning C4244: "Argument": Konvertierung von "double" in "float", möglicher Datenverlust
C:\Users\nasa\Documents\kast.wtf\Fortnite\usermode\usermode\Menu.h(1413,78): warning C4244: "Argument": Konvertierung von "double" in "float", möglicher Datenverlust
C:\Users\nasa\Documents\kast.wtf\Fortnite\usermode\usermode\Menu.h(1413,61): warning C4244: "Argument": Konvertierung von "double" in "float", möglicher Datenverlust
C:\Users\nasa\Documents\kast.wtf\Fortnite\usermode\usermode\Menu.h(1419,39): warning C4244: "Argument": Konvertierung von "double" in "float", möglicher Datenverlust
C:\Users\nasa\Documents\kast.wtf\Fortnite\usermode\usermode\Menu.h(1435,40): warning C4244: "Argument": Konvertierung von "double" in "float", möglicher Datenverlust
C:\Users\nasa\Documents\kast.wtf\Fortnite\usermode\usermode\Menu.h(1435,25): warning C4244: "Argument": Konvertierung von "double" in "float", möglicher Datenverlust
C:\Users\nasa\Documents\kast.wtf\Fortnite\usermode\usermode\Menu.h(1272,8): warning C4101: "distaim": Unreferenzierte lokale Variable
C:\Users\nasa\Documents\kast.wtf\Fortnite\usermode\usermode\Menu.h(1672,23): warning C4244: "=": Konvertierung von "LONG" in "float", möglicher Datenverlust
C:\Users\nasa\Documents\kast.wtf\Fortnite\usermode\usermode\Menu.h(1673,23): warning C4244: "=": Konvertierung von "LONG" in "float", möglicher Datenverlust
C:\Users\nasa\Documents\kast.wtf\Fortnite\usermode\usermode\Menu.h(1688,14): warning C4244: "=": Konvertierung von "LONG" in "float", möglicher Datenverlust
C:\Users\nasa\Documents\kast.wtf\Fortnite\usermode\usermode\Menu.h(1689,15): warning C4244: "=": Konvertierung von "LONG" in "float", möglicher Datenverlust
C:\Users\nasa\Documents\kast.wtf\Fortnite\usermode\usermode\Menu.h(1691,31): warning C4244: "=": Konvertierung von "float" in "UINT", möglicher Datenverlust
C:\Users\nasa\Documents\kast.wtf\Fortnite\usermode\usermode\Menu.h(1692,32): warning C4244: "=": Konvertierung von "float" in "UINT", möglicher Datenverlust
C:\Users\nasa\Documents\kast.wtf\Fortnite\usermode\usermode\Menu.h(1693,52): warning C4244: "Argument": Konvertierung von "float" in "int", möglicher Datenverlust
C:\Users\nasa\Documents\kast.wtf\Fortnite\usermode\usermode\Menu.h(1693,45): warning C4244: "Argument": Konvertierung von "float" in "int", möglicher Datenverlust
C:\Users\nasa\Documents\kast.wtf\Fortnite\usermode\usermode\Menu.h(1760,27): warning C4244: "=": Konvertierung von "LONG" in "float", möglicher Datenverlust
C:\Users\nasa\Documents\kast.wtf\Fortnite\usermode\usermode\Menu.h(1761,29): warning C4244: "=": Konvertierung von "LONG" in "float", möglicher Datenverlust
C:\Users\nasa\Documents\kast.wtf\Fortnite\usermode\usermode\Menu.h(1768,26): warning C4244: "=": Konvertierung von "float" in "DWORD", möglicher Datenverlust
C:\Users\nasa\Documents\kast.wtf\Fortnite\usermode\usermode\Menu.h(1769,27): warning C4244: "=": Konvertierung von "float" in "DWORD", möglicher Datenverlust
C:\Users\nasa\Documents\kast.wtf\Fortnite\usermode\usermode\Menu.h(1770,58): warning C4244: "Argument": Konvertierung von "float" in "int", möglicher Datenverlust
C:\Users\nasa\Documents\kast.wtf\Fortnite\usermode\usermode\Menu.h(1770,51): warning C4244: "Argument": Konvertierung von "float" in "int", möglicher Datenverlust
  Code wird generiert.
  1 of 1224 functions (<0.1%) were compiled, the rest were copied from previous compilation.
    0 functions were new in current compilation
    12 functions had inline decision re-evaluated but remain unchanged
  Codegenerierung ist abgeschlossen.
  usermode.vcxproj -> C:\Users\nasa\Documents\kast.wtf\Fortnite\usermode\x64\Release\usermode.exe
